<?xml version="1.0" encoding="UTF-8" ?>
<testsuite tests="4" failures="0" name="com.atguigu.mybatis.test.DynamicSQLMapperTest" time="0.298" errors="4" skipped="0">
  <properties>
    <property name="idea.version" value="2021.3.3"/>
    <property name="java.runtime.name" value="Java(TM) SE Runtime Environment"/>
    <property name="sun.boot.library.path" value="D:\Eclipse-workspace\jre\bin"/>
    <property name="java.vm.version" value="25.131-b11"/>
    <property name="java.vm.vendor" value="Oracle Corporation"/>
    <property name="maven.multiModuleProjectDirectory" value="D:\IDEA Java Coding\MyBatis\MyBatis_demo3"/>
    <property name="java.vendor.url" value="http://java.oracle.com/"/>
    <property name="path.separator" value=";"/>
    <property name="guice.disable.misplaced.annotation.check" value="true"/>
    <property name="java.vm.name" value="Java HotSpot(TM) 64-Bit Server VM"/>
    <property name="file.encoding.pkg" value="sun.io"/>
    <property name="user.script" value=""/>
    <property name="user.country" value="CN"/>
    <property name="sun.java.launcher" value="SUN_STANDARD"/>
    <property name="sun.os.patch.level" value=""/>
    <property name="java.vm.specification.name" value="Java Virtual Machine Specification"/>
    <property name="user.dir" value="D:\IDEA Java Coding\MyBatis\MyBatis_demo3"/>
    <property name="java.runtime.version" value="1.8.0_131-b11"/>
    <property name="java.awt.graphicsenv" value="sun.awt.Win32GraphicsEnvironment"/>
    <property name="java.endorsed.dirs" value="D:\Eclipse-workspace\jre\lib\endorsed"/>
    <property name="os.arch" value="amd64"/>
    <property name="java.io.tmpdir" value="C:\Users\齐欣\AppData\Local\Temp\"/>
    <property name="line.separator" value="
"/>
    <property name="java.vm.specification.vendor" value="Oracle Corporation"/>
    <property name="user.variant" value=""/>
    <property name="os.name" value="Windows 10"/>
    <property name="maven.ext.class.path" value="D:\IntelliJ IDEA 2021.3.3\plugins\maven\lib\maven-event-listener.jar"/>
    <property name="classworlds.conf" value="D:\IntelliJ IDEA 2021.3.3\plugins\maven\lib\maven3\bin\m2.conf"/>
    <property name="sun.jnu.encoding" value="GBK"/>
    <property name="java.library.path" value="D:\Eclipse-workspace\bin;C:\WINDOWS\Sun\Java\bin;C:\WINDOWS\system32;C:\WINDOWS;C:\ProgramData\Oracle\Java\javapath;D:\MySQL Server 8.0\Program Files\MySQL\MySQL Server 8.0\bin;C:\Program Files\NVIDIA GPU Computing Toolkit\CUDA\v10.2\bin;C:\Program Files\NVIDIA GPU Computing Toolkit\CUDA\v10.2\libnvvp;C:\Program Files\NVIDIA GPU Computing Toolkit\CUDA\v10.1\bin;C:\Program Files\NVIDIA GPU Computing Toolkit\CUDA\v10.1\libnvvp;C:\Program Files\NVIDIA GPU Computing Toolkit\CUDA\v9.2\bin;C:\Program Files\NVIDIA GPU Computing Toolkit\CUDA\v9.2\libnvvp;D:\Python\Scripts\;D:\Anaconda\Scripts;C:\Program Files\NVIDIA Corporation\NVIDIA NvDLISR;C:\WINDOWS\system32;C:\WINDOWS;C:\WINDOWS\System32\Wbem;C:\WINDOWS\System32\WindowsPowerShell\v1.0\;C:\WINDOWS\System32\OpenSSH\;C:\Program Files\Common Files\Autodesk Shared\;C:\Program Files\dotnet\;C:\Program Files\Microsoft SQL Server\130\Tools\Binn\;C:\Program Files\NVIDIA Corporation\Nsight Compute 2019.5.0\;C:\WINDOWS\system32;C:\WINDOWS;C:\WINDOWS\System32\Wbem;C:\WINDOWS\System32\WindowsPowerShell\v1.0\;C:\WINDOWS\System32\OpenSSH\;C:\Program Files (x86)\NVIDIA Corporation\PhysX\Common;D:\TomCat8\apache-tomcat-8.0.42-windows-x64\bin;D:\TomCat8\apache-tomcat-8.0.42-windows-x64\lib;C:\Users\齐欣\AppData\Local\Microsoft\WindowsApps;C:\Users\齐欣\AppData\Local\GitHubDesktop\bin;C:\Users\齐欣\.dotnet\tools;D:\PyCharm-Python运行工具\PyCharm Community Edition 2021.1.1\bin;;C:\Users\齐欣\AppData\Local\Microsoft\WindowsApps;D:\Eclipse-workspace\jre-8u131;\bin;&quot;;D:\Eclipse-workspace\jre-8u131;\jre\bin&quot;;&quot;;D:\TomCat8\apache-tomcat-8.0.42-windows-x64\bin&quot;;;."/>
    <property name="maven.conf" value="D:\IntelliJ IDEA 2021.3.3\plugins\maven\lib\maven3/conf"/>
    <property name="java.specification.name" value="Java Platform API Specification"/>
    <property name="java.class.version" value="52.0"/>
    <property name="sun.management.compiler" value="HotSpot 64-Bit Tiered Compilers"/>
    <property name="os.version" value="10.0"/>
    <property name="user.home" value="C:\Users\齐欣"/>
    <property name="user.timezone" value="GMT+08:00"/>
    <property name="java.awt.printerjob" value="sun.awt.windows.WPrinterJob"/>
    <property name="java.specification.version" value="1.8"/>
    <property name="file.encoding" value="UTF-8"/>
    <property name="user.name" value="齐欣"/>
    <property name="java.class.path" value="D:\IntelliJ IDEA 2021.3.3\plugins\maven\lib\maven3\boot\plexus-classworlds-2.6.0.jar;D:\IntelliJ IDEA 2021.3.3\plugins\maven\lib\maven3\boot\plexus-classworlds.license;D:\IntelliJ IDEA 2021.3.3\lib\idea_rt.jar"/>
    <property name="java.vm.specification.version" value="1.8"/>
    <property name="sun.arch.data.model" value="64"/>
    <property name="java.home" value="D:\Eclipse-workspace\jre"/>
    <property name="sun.java.command" value="org.codehaus.classworlds.Launcher -Didea.version=2021.3.3 package"/>
    <property name="java.specification.vendor" value="Oracle Corporation"/>
    <property name="user.language" value="zh"/>
    <property name="awt.toolkit" value="sun.awt.windows.WToolkit"/>
    <property name="java.vm.info" value="mixed mode"/>
    <property name="java.version" value="1.8.0_131"/>
    <property name="java.ext.dirs" value="D:\Eclipse-workspace\jre\lib\ext;C:\WINDOWS\Sun\Java\lib\ext"/>
    <property name="sun.boot.class.path" value="D:\Eclipse-workspace\jre\lib\resources.jar;D:\Eclipse-workspace\jre\lib\rt.jar;D:\Eclipse-workspace\jre\lib\sunrsasign.jar;D:\Eclipse-workspace\jre\lib\jsse.jar;D:\Eclipse-workspace\jre\lib\jce.jar;D:\Eclipse-workspace\jre\lib\charsets.jar;D:\Eclipse-workspace\jre\lib\jfr.jar;D:\Eclipse-workspace\jre\classes"/>
    <property name="java.vendor" value="Oracle Corporation"/>
    <property name="maven.home" value="D:\IntelliJ IDEA 2021.3.3\plugins\maven\lib\maven3"/>
    <property name="file.separator" value="\"/>
    <property name="java.vendor.url.bug" value="http://bugreport.sun.com/bugreport/"/>
    <property name="sun.cpu.endian" value="little"/>
    <property name="sun.io.unicode.encoding" value="UnicodeLittle"/>
    <property name="sun.desktop" value="windows"/>
    <property name="sun.cpu.isalist" value="amd64"/>
  </properties>
  <testcase classname="com.atguigu.mybatis.test.DynamicSQLMapperTest" name="testGetEmpByCondition" time="0.072">
    <error message="
### Error querying database.  Cause: java.sql.SQLException: Access denied for user &apos;root&apos;@&apos;localhost&apos; (using password: YES)
### The error may exist in com/atguigu/mybatis/mapper/DynamicSQLMapper.xml
### The error may involve com.atguigu.mybatis.mapper.DynamicSQLMapper.getEmpByCondition
### The error occurred while executing a query
### Cause: java.sql.SQLException: Access denied for user &apos;root&apos;@&apos;localhost&apos; (using password: YES)" type="org.apache.ibatis.exceptions.PersistenceException">org.apache.ibatis.exceptions.PersistenceException: 
### Error querying database.  Cause: java.sql.SQLException: Access denied for user &apos;root&apos;@&apos;localhost&apos; (using password: YES)
### The error may exist in com/atguigu/mybatis/mapper/DynamicSQLMapper.xml
### The error may involve com.atguigu.mybatis.mapper.DynamicSQLMapper.getEmpByCondition
### The error occurred while executing a query
### Cause: java.sql.SQLException: Access denied for user &apos;root&apos;@&apos;localhost&apos; (using password: YES)
	at org.apache.ibatis.exceptions.ExceptionFactory.wrapException(ExceptionFactory.java:30)
	at org.apache.ibatis.session.defaults.DefaultSqlSession.selectList(DefaultSqlSession.java:153)
	at org.apache.ibatis.session.defaults.DefaultSqlSession.selectList(DefaultSqlSession.java:145)
	at org.apache.ibatis.session.defaults.DefaultSqlSession.selectList(DefaultSqlSession.java:140)
	at org.apache.ibatis.binding.MapperMethod.executeForMany(MapperMethod.java:147)
	at org.apache.ibatis.binding.MapperMethod.execute(MapperMethod.java:80)
	at org.apache.ibatis.binding.MapperProxy$PlainMethodInvoker.invoke(MapperProxy.java:145)
	at org.apache.ibatis.binding.MapperProxy.invoke(MapperProxy.java:86)
	at com.sun.proxy.$Proxy13.getEmpByCondition(Unknown Source)
	at com.atguigu.mybatis.test.DynamicSQLMapperTest.testGetEmpByCondition(DynamicSQLMapperTest.java:75)
	at sun.reflect.NativeMethodAccessorImpl.invoke0(Native Method)
	at sun.reflect.NativeMethodAccessorImpl.invoke(NativeMethodAccessorImpl.java:62)
	at sun.reflect.DelegatingMethodAccessorImpl.invoke(DelegatingMethodAccessorImpl.java:43)
	at java.lang.reflect.Method.invoke(Method.java:498)
	at org.junit.runners.model.FrameworkMethod$1.runReflectiveCall(FrameworkMethod.java:50)
	at org.junit.internal.runners.model.ReflectiveCallable.run(ReflectiveCallable.java:12)
	at org.junit.runners.model.FrameworkMethod.invokeExplosively(FrameworkMethod.java:47)
	at org.junit.internal.runners.statements.InvokeMethod.evaluate(InvokeMethod.java:17)
	at org.junit.runners.ParentRunner.runLeaf(ParentRunner.java:325)
	at org.junit.runners.BlockJUnit4ClassRunner.runChild(BlockJUnit4ClassRunner.java:78)
	at org.junit.runners.BlockJUnit4ClassRunner.runChild(BlockJUnit4ClassRunner.java:57)
	at org.junit.runners.ParentRunner$3.run(ParentRunner.java:290)
	at org.junit.runners.ParentRunner$1.schedule(ParentRunner.java:71)
	at org.junit.runners.ParentRunner.runChildren(ParentRunner.java:288)
	at org.junit.runners.ParentRunner.access$000(ParentRunner.java:58)
	at org.junit.runners.ParentRunner$2.evaluate(ParentRunner.java:268)
	at org.junit.runners.ParentRunner.run(ParentRunner.java:363)
	at org.apache.maven.surefire.junit4.JUnit4Provider.execute(JUnit4Provider.java:252)
	at org.apache.maven.surefire.junit4.JUnit4Provider.executeTestSet(JUnit4Provider.java:141)
	at org.apache.maven.surefire.junit4.JUnit4Provider.invoke(JUnit4Provider.java:112)
	at sun.reflect.NativeMethodAccessorImpl.invoke0(Native Method)
	at sun.reflect.NativeMethodAccessorImpl.invoke(NativeMethodAccessorImpl.java:62)
	at sun.reflect.DelegatingMethodAccessorImpl.invoke(DelegatingMethodAccessorImpl.java:43)
	at java.lang.reflect.Method.invoke(Method.java:498)
	at org.apache.maven.surefire.util.ReflectionUtils.invokeMethodWithArray(ReflectionUtils.java:189)
	at org.apache.maven.surefire.booter.ProviderFactory$ProviderProxy.invoke(ProviderFactory.java:165)
	at org.apache.maven.surefire.booter.ProviderFactory.invokeProvider(ProviderFactory.java:85)
	at org.apache.maven.surefire.booter.ForkedBooter.runSuitesInProcess(ForkedBooter.java:115)
	at org.apache.maven.surefire.booter.ForkedBooter.main(ForkedBooter.java:75)
Caused by: java.sql.SQLException: Access denied for user &apos;root&apos;@&apos;localhost&apos; (using password: YES)
	at com.mysql.jdbc.SQLError.createSQLException(SQLError.java:1056)
	at com.mysql.jdbc.SQLError.createSQLException(SQLError.java:957)
	at com.mysql.jdbc.MysqlIO.checkErrorPacket(MysqlIO.java:3378)
	at com.mysql.jdbc.MysqlIO.checkErrorPacket(MysqlIO.java:3310)
	at com.mysql.jdbc.MysqlIO.checkErrorPacket(MysqlIO.java:910)
	at com.mysql.jdbc.MysqlIO.secureAuth411(MysqlIO.java:3810)
	at com.mysql.jdbc.MysqlIO.doHandshake(MysqlIO.java:1272)
	at com.mysql.jdbc.ConnectionImpl.createNewIO(ConnectionImpl.java:1992)
	at com.mysql.jdbc.ConnectionImpl.&lt;init&gt;(ConnectionImpl.java:720)
	at com.mysql.jdbc.JDBC4Connection.&lt;init&gt;(JDBC4Connection.java:46)
	at sun.reflect.NativeConstructorAccessorImpl.newInstance0(Native Method)
	at sun.reflect.NativeConstructorAccessorImpl.newInstance(NativeConstructorAccessorImpl.java:62)
	at sun.reflect.DelegatingConstructorAccessorImpl.newInstance(DelegatingConstructorAccessorImpl.java:45)
	at java.lang.reflect.Constructor.newInstance(Constructor.java:423)
	at com.mysql.jdbc.Util.handleNewInstance(Util.java:403)
	at com.mysql.jdbc.ConnectionImpl.getInstance(ConnectionImpl.java:293)
	at com.mysql.jdbc.NonRegisteringDriver.connect(NonRegisteringDriver.java:283)
	at java.sql.DriverManager.getConnection(DriverManager.java:664)
	at java.sql.DriverManager.getConnection(DriverManager.java:208)
	at org.apache.ibatis.datasource.unpooled.UnpooledDataSource.doGetConnection(UnpooledDataSource.java:224)
	at org.apache.ibatis.datasource.unpooled.UnpooledDataSource.doGetConnection(UnpooledDataSource.java:219)
	at org.apache.ibatis.datasource.unpooled.UnpooledDataSource.getConnection(UnpooledDataSource.java:95)
	at org.apache.ibatis.datasource.pooled.PooledDataSource.popConnection(PooledDataSource.java:432)
	at org.apache.ibatis.datasource.pooled.PooledDataSource.getConnection(PooledDataSource.java:89)
	at org.apache.ibatis.transaction.jdbc.JdbcTransaction.openConnection(JdbcTransaction.java:139)
	at org.apache.ibatis.transaction.jdbc.JdbcTransaction.getConnection(JdbcTransaction.java:61)
	at org.apache.ibatis.executor.BaseExecutor.getConnection(BaseExecutor.java:337)
	at org.apache.ibatis.executor.SimpleExecutor.prepareStatement(SimpleExecutor.java:86)
	at org.apache.ibatis.executor.SimpleExecutor.doQuery(SimpleExecutor.java:62)
	at org.apache.ibatis.executor.BaseExecutor.queryFromDatabase(BaseExecutor.java:325)
	at org.apache.ibatis.executor.BaseExecutor.query(BaseExecutor.java:156)
	at org.apache.ibatis.executor.CachingExecutor.query(CachingExecutor.java:109)
	at org.apache.ibatis.executor.CachingExecutor.query(CachingExecutor.java:89)
	at org.apache.ibatis.session.defaults.DefaultSqlSession.selectList(DefaultSqlSession.java:151)
	... 37 more
</error>
    <system-out>[00:46:04.083] [DEBUG] [main] [org.apache.ibatis.io.DefaultVFS] [Find JAR URL: file:/D:/IDEA%20Java%20Coding/MyBatis/MyBatis_demo3/target/classes/com/atguigu/mybatis/pojo]
[00:46:04.083] [DEBUG] [main] [org.apache.ibatis.io.DefaultVFS] [Not a JAR: file:/D:/IDEA%20Java%20Coding/MyBatis/MyBatis_demo3/target/classes/com/atguigu/mybatis/pojo]
[00:46:04.084] [DEBUG] [main] [org.apache.ibatis.io.DefaultVFS] [Reader entry: Dept.class]
[00:46:04.084] [DEBUG] [main] [org.apache.ibatis.io.DefaultVFS] [Reader entry: Emp.class]
[00:46:04.084] [DEBUG] [main] [org.apache.ibatis.io.DefaultVFS] [Listing file:/D:/IDEA%20Java%20Coding/MyBatis/MyBatis_demo3/target/classes/com/atguigu/mybatis/pojo]
[00:46:04.084] [DEBUG] [main] [org.apache.ibatis.io.DefaultVFS] [Find JAR URL: file:/D:/IDEA%20Java%20Coding/MyBatis/MyBatis_demo3/target/classes/com/atguigu/mybatis/pojo/Dept.class]
[00:46:04.084] [DEBUG] [main] [org.apache.ibatis.io.DefaultVFS] [Not a JAR: file:/D:/IDEA%20Java%20Coding/MyBatis/MyBatis_demo3/target/classes/com/atguigu/mybatis/pojo/Dept.class]
[00:46:04.085] [DEBUG] [main] [org.apache.ibatis.io.DefaultVFS] [Reader entry: ����&amp;#0;&amp;#0;&amp;#0;1&amp;#0;D&amp;#7;&amp;#0;2]
[00:46:04.085] [DEBUG] [main] [org.apache.ibatis.io.DefaultVFS] [Find JAR URL: file:/D:/IDEA%20Java%20Coding/MyBatis/MyBatis_demo3/target/classes/com/atguigu/mybatis/pojo/Emp.class]
[00:46:04.085] [DEBUG] [main] [org.apache.ibatis.io.DefaultVFS] [Not a JAR: file:/D:/IDEA%20Java%20Coding/MyBatis/MyBatis_demo3/target/classes/com/atguigu/mybatis/pojo/Emp.class]
[00:46:04.086] [DEBUG] [main] [org.apache.ibatis.io.DefaultVFS] [Reader entry: ����&amp;#0;&amp;#0;&amp;#0;1&amp;#0;T&amp;#7;&amp;#0;&lt;]
[00:46:04.086] [DEBUG] [main] [org.apache.ibatis.io.ResolverUtil] [Checking to see if class com.atguigu.mybatis.pojo.Dept matches criteria [is assignable to Object]]
[00:46:04.086] [DEBUG] [main] [org.apache.ibatis.io.ResolverUtil] [Checking to see if class com.atguigu.mybatis.pojo.Emp matches criteria [is assignable to Object]]
[00:46:04.089] [DEBUG] [main] [org.apache.ibatis.datasource.pooled.PooledDataSource] [PooledDataSource forcefully closed/removed all connections.]
[00:46:04.089] [DEBUG] [main] [org.apache.ibatis.datasource.pooled.PooledDataSource] [PooledDataSource forcefully closed/removed all connections.]
[00:46:04.089] [DEBUG] [main] [org.apache.ibatis.datasource.pooled.PooledDataSource] [PooledDataSource forcefully closed/removed all connections.]
[00:46:04.089] [DEBUG] [main] [org.apache.ibatis.datasource.pooled.PooledDataSource] [PooledDataSource forcefully closed/removed all connections.]
[00:46:04.090] [DEBUG] [main] [org.apache.ibatis.io.DefaultVFS] [Find JAR URL: file:/D:/IDEA%20Java%20Coding/MyBatis/MyBatis_demo3/target/classes/com/atguigu/mybatis/mapper]
[00:46:04.090] [DEBUG] [main] [org.apache.ibatis.io.DefaultVFS] [Not a JAR: file:/D:/IDEA%20Java%20Coding/MyBatis/MyBatis_demo3/target/classes/com/atguigu/mybatis/mapper]
[00:46:04.091] [DEBUG] [main] [org.apache.ibatis.io.DefaultVFS] [Reader entry: CacheMapper.class]
[00:46:04.091] [DEBUG] [main] [org.apache.ibatis.io.DefaultVFS] [Reader entry: CacheMapper.xml]
[00:46:04.092] [DEBUG] [main] [org.apache.ibatis.io.DefaultVFS] [Reader entry: DeptMapper.class]
[00:46:04.092] [DEBUG] [main] [org.apache.ibatis.io.DefaultVFS] [Reader entry: DeptMapper.xml]
[00:46:04.092] [DEBUG] [main] [org.apache.ibatis.io.DefaultVFS] [Reader entry: DynamicSQLMapper.class]
[00:46:04.092] [DEBUG] [main] [org.apache.ibatis.io.DefaultVFS] [Reader entry: DynamicSQLMapper.xml]
[00:46:04.092] [DEBUG] [main] [org.apache.ibatis.io.DefaultVFS] [Reader entry: EmpMapper.class]
[00:46:04.092] [DEBUG] [main] [org.apache.ibatis.io.DefaultVFS] [Reader entry: EmpMapper.xml]
[00:46:04.092] [DEBUG] [main] [org.apache.ibatis.io.DefaultVFS] [Listing file:/D:/IDEA%20Java%20Coding/MyBatis/MyBatis_demo3/target/classes/com/atguigu/mybatis/mapper]
[00:46:04.093] [DEBUG] [main] [org.apache.ibatis.io.DefaultVFS] [Find JAR URL: file:/D:/IDEA%20Java%20Coding/MyBatis/MyBatis_demo3/target/classes/com/atguigu/mybatis/mapper/CacheMapper.class]
[00:46:04.093] [DEBUG] [main] [org.apache.ibatis.io.DefaultVFS] [Not a JAR: file:/D:/IDEA%20Java%20Coding/MyBatis/MyBatis_demo3/target/classes/com/atguigu/mybatis/mapper/CacheMapper.class]
[00:46:04.093] [DEBUG] [main] [org.apache.ibatis.io.DefaultVFS] [Reader entry: ����&amp;#0;&amp;#0;&amp;#0;1&amp;#0;&amp;#15;&amp;#7;&amp;#0;]
[00:46:04.093] [DEBUG] [main] [org.apache.ibatis.io.DefaultVFS] [Find JAR URL: file:/D:/IDEA%20Java%20Coding/MyBatis/MyBatis_demo3/target/classes/com/atguigu/mybatis/mapper/CacheMapper.xml]
[00:46:04.093] [DEBUG] [main] [org.apache.ibatis.io.DefaultVFS] [Not a JAR: file:/D:/IDEA%20Java%20Coding/MyBatis/MyBatis_demo3/target/classes/com/atguigu/mybatis/mapper/CacheMapper.xml]
[00:46:04.094] [DEBUG] [main] [org.apache.ibatis.io.DefaultVFS] [Reader entry: &lt;?xml version=&quot;1.0&quot; encoding=&quot;UTF-8&quot; ?&gt;]
[00:46:04.094] [DEBUG] [main] [org.apache.ibatis.io.DefaultVFS] [Find JAR URL: file:/D:/IDEA%20Java%20Coding/MyBatis/MyBatis_demo3/target/classes/com/atguigu/mybatis/mapper/DeptMapper.class]
[00:46:04.094] [DEBUG] [main] [org.apache.ibatis.io.DefaultVFS] [Not a JAR: file:/D:/IDEA%20Java%20Coding/MyBatis/MyBatis_demo3/target/classes/com/atguigu/mybatis/mapper/DeptMapper.class]
[00:46:04.094] [DEBUG] [main] [org.apache.ibatis.io.DefaultVFS] [Reader entry: ����&amp;#0;&amp;#0;&amp;#0;1&amp;#0;&amp;#15;&amp;#7;&amp;#0;]
[00:46:04.095] [DEBUG] [main] [org.apache.ibatis.io.DefaultVFS] [Find JAR URL: file:/D:/IDEA%20Java%20Coding/MyBatis/MyBatis_demo3/target/classes/com/atguigu/mybatis/mapper/DeptMapper.xml]
[00:46:04.095] [DEBUG] [main] [org.apache.ibatis.io.DefaultVFS] [Not a JAR: file:/D:/IDEA%20Java%20Coding/MyBatis/MyBatis_demo3/target/classes/com/atguigu/mybatis/mapper/DeptMapper.xml]
[00:46:04.095] [DEBUG] [main] [org.apache.ibatis.io.DefaultVFS] [Reader entry: &lt;?xml version=&quot;1.0&quot; encoding=&quot;UTF-8&quot; ?&gt;]
[00:46:04.096] [DEBUG] [main] [org.apache.ibatis.io.DefaultVFS] [Find JAR URL: file:/D:/IDEA%20Java%20Coding/MyBatis/MyBatis_demo3/target/classes/com/atguigu/mybatis/mapper/DynamicSQLMapper.class]
[00:46:04.096] [DEBUG] [main] [org.apache.ibatis.io.DefaultVFS] [Not a JAR: file:/D:/IDEA%20Java%20Coding/MyBatis/MyBatis_demo3/target/classes/com/atguigu/mybatis/mapper/DynamicSQLMapper.class]
[00:46:04.096] [DEBUG] [main] [org.apache.ibatis.io.DefaultVFS] [Reader entry: ����&amp;#0;&amp;#0;&amp;#0;1&amp;#0;&amp;#22;&amp;#7;&amp;#0;&amp;#20;&amp;#7;&amp;#0;&amp;#21;&amp;#1;&amp;#0;&amp;#17;getEmpByCondition&amp;#1;&amp;#0;0(Lcom/atguigu/mybatis/pojo/Emp;)Ljava/util/List;&amp;#1;&amp;#0;	Signature&amp;#1;&amp;#0;P(Lcom/atguigu/mybatis/pojo/Emp;)Ljava/util/List&lt;Lcom/atguigu/mybatis/pojo/Emp;&gt;;&amp;#1;&amp;#0;&amp;#14;getEmpByChoose&amp;#1;&amp;#0;&amp;#17;deleteMoreByArray&amp;#1;&amp;#0;&amp;#23;([Ljava/lang/Integer;)I&amp;#1;&amp;#0;&quot;RuntimeVisibleParameterAnnotations&amp;#1;&amp;#0;%Lorg/apache/ibatis/annotations/Param;&amp;#1;&amp;#0;&amp;#5;value&amp;#1;&amp;#0;&amp;#4;eids&amp;#1;&amp;#0;&amp;#16;insertMoreByList&amp;#1;&amp;#0;&amp;#19;(Ljava/util/List;)I&amp;#1;&amp;#0;3(Ljava/util/List&lt;Lcom/atguigu/mybatis/pojo/Emp;&gt;;)I&amp;#1;&amp;#0;&amp;#4;emps&amp;#1;&amp;#0;]
[00:46:04.097] [DEBUG] [main] [org.apache.ibatis.io.DefaultVFS] [Find JAR URL: file:/D:/IDEA%20Java%20Coding/MyBatis/MyBatis_demo3/target/classes/com/atguigu/mybatis/mapper/DynamicSQLMapper.xml]
[00:46:04.097] [DEBUG] [main] [org.apache.ibatis.io.DefaultVFS] [Not a JAR: file:/D:/IDEA%20Java%20Coding/MyBatis/MyBatis_demo3/target/classes/com/atguigu/mybatis/mapper/DynamicSQLMapper.xml]
[00:46:04.097] [DEBUG] [main] [org.apache.ibatis.io.DefaultVFS] [Reader entry: &lt;?xml version=&quot;1.0&quot; encoding=&quot;UTF-8&quot; ?&gt;]
[00:46:04.097] [DEBUG] [main] [org.apache.ibatis.io.DefaultVFS] [Find JAR URL: file:/D:/IDEA%20Java%20Coding/MyBatis/MyBatis_demo3/target/classes/com/atguigu/mybatis/mapper/EmpMapper.class]
[00:46:04.097] [DEBUG] [main] [org.apache.ibatis.io.DefaultVFS] [Not a JAR: file:/D:/IDEA%20Java%20Coding/MyBatis/MyBatis_demo3/target/classes/com/atguigu/mybatis/mapper/EmpMapper.class]
[00:46:04.098] [DEBUG] [main] [org.apache.ibatis.io.DefaultVFS] [Reader entry: ����&amp;#0;&amp;#0;&amp;#0;1&amp;#0;&amp;#22;&amp;#7;&amp;#0;&amp;#20;&amp;#7;&amp;#0;&amp;#21;&amp;#1;&amp;#0;	getAllEmp&amp;#1;&amp;#0;&amp;#18;()Ljava/util/List;&amp;#1;&amp;#0;	Signature&amp;#1;&amp;#0;2()Ljava/util/List&lt;Lcom/atguigu/mybatis/pojo/Emp;&gt;;&amp;#1;&amp;#0;]
[00:46:04.099] [DEBUG] [main] [org.apache.ibatis.io.DefaultVFS] [Find JAR URL: file:/D:/IDEA%20Java%20Coding/MyBatis/MyBatis_demo3/target/classes/com/atguigu/mybatis/mapper/EmpMapper.xml]
[00:46:04.099] [DEBUG] [main] [org.apache.ibatis.io.DefaultVFS] [Not a JAR: file:/D:/IDEA%20Java%20Coding/MyBatis/MyBatis_demo3/target/classes/com/atguigu/mybatis/mapper/EmpMapper.xml]
[00:46:04.100] [DEBUG] [main] [org.apache.ibatis.io.DefaultVFS] [Reader entry: &lt;?xml version=&quot;1.0&quot; encoding=&quot;UTF-8&quot; ?&gt;]
[00:46:04.101] [DEBUG] [main] [org.apache.ibatis.io.ResolverUtil] [Checking to see if class com.atguigu.mybatis.mapper.CacheMapper matches criteria [is assignable to Object]]
[00:46:04.101] [DEBUG] [main] [org.apache.ibatis.io.ResolverUtil] [Checking to see if class com.atguigu.mybatis.mapper.DeptMapper matches criteria [is assignable to Object]]
[00:46:04.101] [DEBUG] [main] [org.apache.ibatis.io.ResolverUtil] [Checking to see if class com.atguigu.mybatis.mapper.DynamicSQLMapper matches criteria [is assignable to Object]]
[00:46:04.101] [DEBUG] [main] [org.apache.ibatis.io.ResolverUtil] [Checking to see if class com.atguigu.mybatis.mapper.EmpMapper matches criteria [is assignable to Object]]
[00:46:04.162] [DEBUG] [main] [org.apache.ibatis.transaction.jdbc.JdbcTransaction] [Opening JDBC Connection]
</system-out>
  </testcase>
  <testcase classname="com.atguigu.mybatis.test.DynamicSQLMapperTest" name="testInsertMoreByList" time="0.064">
    <error message="
### Error updating database.  Cause: java.sql.SQLException: Access denied for user &apos;root&apos;@&apos;localhost&apos; (using password: YES)
### The error may exist in com/atguigu/mybatis/mapper/DynamicSQLMapper.xml
### The error may involve com.atguigu.mybatis.mapper.DynamicSQLMapper.insertMoreByList
### The error occurred while executing an update
### Cause: java.sql.SQLException: Access denied for user &apos;root&apos;@&apos;localhost&apos; (using password: YES)" type="org.apache.ibatis.exceptions.PersistenceException">org.apache.ibatis.exceptions.PersistenceException: 
### Error updating database.  Cause: java.sql.SQLException: Access denied for user &apos;root&apos;@&apos;localhost&apos; (using password: YES)
### The error may exist in com/atguigu/mybatis/mapper/DynamicSQLMapper.xml
### The error may involve com.atguigu.mybatis.mapper.DynamicSQLMapper.insertMoreByList
### The error occurred while executing an update
### Cause: java.sql.SQLException: Access denied for user &apos;root&apos;@&apos;localhost&apos; (using password: YES)
	at org.apache.ibatis.exceptions.ExceptionFactory.wrapException(ExceptionFactory.java:30)
	at org.apache.ibatis.session.defaults.DefaultSqlSession.update(DefaultSqlSession.java:196)
	at org.apache.ibatis.session.defaults.DefaultSqlSession.insert(DefaultSqlSession.java:181)
	at org.apache.ibatis.binding.MapperMethod.execute(MapperMethod.java:62)
	at org.apache.ibatis.binding.MapperProxy$PlainMethodInvoker.invoke(MapperProxy.java:145)
	at org.apache.ibatis.binding.MapperProxy.invoke(MapperProxy.java:86)
	at com.sun.proxy.$Proxy13.insertMoreByList(Unknown Source)
	at com.atguigu.mybatis.test.DynamicSQLMapperTest.testInsertMoreByList(DynamicSQLMapperTest.java:52)
	at sun.reflect.NativeMethodAccessorImpl.invoke0(Native Method)
	at sun.reflect.NativeMethodAccessorImpl.invoke(NativeMethodAccessorImpl.java:62)
	at sun.reflect.DelegatingMethodAccessorImpl.invoke(DelegatingMethodAccessorImpl.java:43)
	at java.lang.reflect.Method.invoke(Method.java:498)
	at org.junit.runners.model.FrameworkMethod$1.runReflectiveCall(FrameworkMethod.java:50)
	at org.junit.internal.runners.model.ReflectiveCallable.run(ReflectiveCallable.java:12)
	at org.junit.runners.model.FrameworkMethod.invokeExplosively(FrameworkMethod.java:47)
	at org.junit.internal.runners.statements.InvokeMethod.evaluate(InvokeMethod.java:17)
	at org.junit.runners.ParentRunner.runLeaf(ParentRunner.java:325)
	at org.junit.runners.BlockJUnit4ClassRunner.runChild(BlockJUnit4ClassRunner.java:78)
	at org.junit.runners.BlockJUnit4ClassRunner.runChild(BlockJUnit4ClassRunner.java:57)
	at org.junit.runners.ParentRunner$3.run(ParentRunner.java:290)
	at org.junit.runners.ParentRunner$1.schedule(ParentRunner.java:71)
	at org.junit.runners.ParentRunner.runChildren(ParentRunner.java:288)
	at org.junit.runners.ParentRunner.access$000(ParentRunner.java:58)
	at org.junit.runners.ParentRunner$2.evaluate(ParentRunner.java:268)
	at org.junit.runners.ParentRunner.run(ParentRunner.java:363)
	at org.apache.maven.surefire.junit4.JUnit4Provider.execute(JUnit4Provider.java:252)
	at org.apache.maven.surefire.junit4.JUnit4Provider.executeTestSet(JUnit4Provider.java:141)
	at org.apache.maven.surefire.junit4.JUnit4Provider.invoke(JUnit4Provider.java:112)
	at sun.reflect.NativeMethodAccessorImpl.invoke0(Native Method)
	at sun.reflect.NativeMethodAccessorImpl.invoke(NativeMethodAccessorImpl.java:62)
	at sun.reflect.DelegatingMethodAccessorImpl.invoke(DelegatingMethodAccessorImpl.java:43)
	at java.lang.reflect.Method.invoke(Method.java:498)
	at org.apache.maven.surefire.util.ReflectionUtils.invokeMethodWithArray(ReflectionUtils.java:189)
	at org.apache.maven.surefire.booter.ProviderFactory$ProviderProxy.invoke(ProviderFactory.java:165)
	at org.apache.maven.surefire.booter.ProviderFactory.invokeProvider(ProviderFactory.java:85)
	at org.apache.maven.surefire.booter.ForkedBooter.runSuitesInProcess(ForkedBooter.java:115)
	at org.apache.maven.surefire.booter.ForkedBooter.main(ForkedBooter.java:75)
Caused by: java.sql.SQLException: Access denied for user &apos;root&apos;@&apos;localhost&apos; (using password: YES)
	at com.mysql.jdbc.SQLError.createSQLException(SQLError.java:1056)
	at com.mysql.jdbc.SQLError.createSQLException(SQLError.java:957)
	at com.mysql.jdbc.MysqlIO.checkErrorPacket(MysqlIO.java:3378)
	at com.mysql.jdbc.MysqlIO.checkErrorPacket(MysqlIO.java:3310)
	at com.mysql.jdbc.MysqlIO.checkErrorPacket(MysqlIO.java:910)
	at com.mysql.jdbc.MysqlIO.secureAuth411(MysqlIO.java:3810)
	at com.mysql.jdbc.MysqlIO.doHandshake(MysqlIO.java:1272)
	at com.mysql.jdbc.ConnectionImpl.createNewIO(ConnectionImpl.java:1992)
	at com.mysql.jdbc.ConnectionImpl.&lt;init&gt;(ConnectionImpl.java:720)
	at com.mysql.jdbc.JDBC4Connection.&lt;init&gt;(JDBC4Connection.java:46)
	at sun.reflect.NativeConstructorAccessorImpl.newInstance0(Native Method)
	at sun.reflect.NativeConstructorAccessorImpl.newInstance(NativeConstructorAccessorImpl.java:62)
	at sun.reflect.DelegatingConstructorAccessorImpl.newInstance(DelegatingConstructorAccessorImpl.java:45)
	at java.lang.reflect.Constructor.newInstance(Constructor.java:423)
	at com.mysql.jdbc.Util.handleNewInstance(Util.java:403)
	at com.mysql.jdbc.ConnectionImpl.getInstance(ConnectionImpl.java:293)
	at com.mysql.jdbc.NonRegisteringDriver.connect(NonRegisteringDriver.java:283)
	at java.sql.DriverManager.getConnection(DriverManager.java:664)
	at java.sql.DriverManager.getConnection(DriverManager.java:208)
	at org.apache.ibatis.datasource.unpooled.UnpooledDataSource.doGetConnection(UnpooledDataSource.java:224)
	at org.apache.ibatis.datasource.unpooled.UnpooledDataSource.doGetConnection(UnpooledDataSource.java:219)
	at org.apache.ibatis.datasource.unpooled.UnpooledDataSource.getConnection(UnpooledDataSource.java:95)
	at org.apache.ibatis.datasource.pooled.PooledDataSource.popConnection(PooledDataSource.java:432)
	at org.apache.ibatis.datasource.pooled.PooledDataSource.getConnection(PooledDataSource.java:89)
	at org.apache.ibatis.transaction.jdbc.JdbcTransaction.openConnection(JdbcTransaction.java:139)
	at org.apache.ibatis.transaction.jdbc.JdbcTransaction.getConnection(JdbcTransaction.java:61)
	at org.apache.ibatis.executor.BaseExecutor.getConnection(BaseExecutor.java:337)
	at org.apache.ibatis.executor.SimpleExecutor.prepareStatement(SimpleExecutor.java:86)
	at org.apache.ibatis.executor.SimpleExecutor.doUpdate(SimpleExecutor.java:49)
	at org.apache.ibatis.executor.BaseExecutor.update(BaseExecutor.java:117)
	at org.apache.ibatis.executor.CachingExecutor.update(CachingExecutor.java:76)
	at org.apache.ibatis.session.defaults.DefaultSqlSession.update(DefaultSqlSession.java:194)
	... 35 more
</error>
    <system-out>[00:46:04.175] [DEBUG] [main] [org.apache.ibatis.io.DefaultVFS] [Find JAR URL: file:/D:/IDEA%20Java%20Coding/MyBatis/MyBatis_demo3/target/classes/com/atguigu/mybatis/pojo]
[00:46:04.175] [DEBUG] [main] [org.apache.ibatis.io.DefaultVFS] [Not a JAR: file:/D:/IDEA%20Java%20Coding/MyBatis/MyBatis_demo3/target/classes/com/atguigu/mybatis/pojo]
[00:46:04.175] [DEBUG] [main] [org.apache.ibatis.io.DefaultVFS] [Reader entry: Dept.class]
[00:46:04.175] [DEBUG] [main] [org.apache.ibatis.io.DefaultVFS] [Reader entry: Emp.class]
[00:46:04.176] [DEBUG] [main] [org.apache.ibatis.io.DefaultVFS] [Listing file:/D:/IDEA%20Java%20Coding/MyBatis/MyBatis_demo3/target/classes/com/atguigu/mybatis/pojo]
[00:46:04.176] [DEBUG] [main] [org.apache.ibatis.io.DefaultVFS] [Find JAR URL: file:/D:/IDEA%20Java%20Coding/MyBatis/MyBatis_demo3/target/classes/com/atguigu/mybatis/pojo/Dept.class]
[00:46:04.176] [DEBUG] [main] [org.apache.ibatis.io.DefaultVFS] [Not a JAR: file:/D:/IDEA%20Java%20Coding/MyBatis/MyBatis_demo3/target/classes/com/atguigu/mybatis/pojo/Dept.class]
[00:46:04.176] [DEBUG] [main] [org.apache.ibatis.io.DefaultVFS] [Reader entry: ����&amp;#0;&amp;#0;&amp;#0;1&amp;#0;D&amp;#7;&amp;#0;2]
[00:46:04.176] [DEBUG] [main] [org.apache.ibatis.io.DefaultVFS] [Find JAR URL: file:/D:/IDEA%20Java%20Coding/MyBatis/MyBatis_demo3/target/classes/com/atguigu/mybatis/pojo/Emp.class]
[00:46:04.176] [DEBUG] [main] [org.apache.ibatis.io.DefaultVFS] [Not a JAR: file:/D:/IDEA%20Java%20Coding/MyBatis/MyBatis_demo3/target/classes/com/atguigu/mybatis/pojo/Emp.class]
[00:46:04.177] [DEBUG] [main] [org.apache.ibatis.io.DefaultVFS] [Reader entry: ����&amp;#0;&amp;#0;&amp;#0;1&amp;#0;T&amp;#7;&amp;#0;&lt;]
[00:46:04.177] [DEBUG] [main] [org.apache.ibatis.io.ResolverUtil] [Checking to see if class com.atguigu.mybatis.pojo.Dept matches criteria [is assignable to Object]]
[00:46:04.177] [DEBUG] [main] [org.apache.ibatis.io.ResolverUtil] [Checking to see if class com.atguigu.mybatis.pojo.Emp matches criteria [is assignable to Object]]
[00:46:04.179] [DEBUG] [main] [org.apache.ibatis.datasource.pooled.PooledDataSource] [PooledDataSource forcefully closed/removed all connections.]
[00:46:04.179] [DEBUG] [main] [org.apache.ibatis.datasource.pooled.PooledDataSource] [PooledDataSource forcefully closed/removed all connections.]
[00:46:04.179] [DEBUG] [main] [org.apache.ibatis.datasource.pooled.PooledDataSource] [PooledDataSource forcefully closed/removed all connections.]
[00:46:04.179] [DEBUG] [main] [org.apache.ibatis.datasource.pooled.PooledDataSource] [PooledDataSource forcefully closed/removed all connections.]
[00:46:04.180] [DEBUG] [main] [org.apache.ibatis.io.DefaultVFS] [Find JAR URL: file:/D:/IDEA%20Java%20Coding/MyBatis/MyBatis_demo3/target/classes/com/atguigu/mybatis/mapper]
[00:46:04.181] [DEBUG] [main] [org.apache.ibatis.io.DefaultVFS] [Not a JAR: file:/D:/IDEA%20Java%20Coding/MyBatis/MyBatis_demo3/target/classes/com/atguigu/mybatis/mapper]
[00:46:04.181] [DEBUG] [main] [org.apache.ibatis.io.DefaultVFS] [Reader entry: CacheMapper.class]
[00:46:04.181] [DEBUG] [main] [org.apache.ibatis.io.DefaultVFS] [Reader entry: CacheMapper.xml]
[00:46:04.182] [DEBUG] [main] [org.apache.ibatis.io.DefaultVFS] [Reader entry: DeptMapper.class]
[00:46:04.182] [DEBUG] [main] [org.apache.ibatis.io.DefaultVFS] [Reader entry: DeptMapper.xml]
[00:46:04.182] [DEBUG] [main] [org.apache.ibatis.io.DefaultVFS] [Reader entry: DynamicSQLMapper.class]
[00:46:04.182] [DEBUG] [main] [org.apache.ibatis.io.DefaultVFS] [Reader entry: DynamicSQLMapper.xml]
[00:46:04.182] [DEBUG] [main] [org.apache.ibatis.io.DefaultVFS] [Reader entry: EmpMapper.class]
[00:46:04.182] [DEBUG] [main] [org.apache.ibatis.io.DefaultVFS] [Reader entry: EmpMapper.xml]
[00:46:04.183] [DEBUG] [main] [org.apache.ibatis.io.DefaultVFS] [Listing file:/D:/IDEA%20Java%20Coding/MyBatis/MyBatis_demo3/target/classes/com/atguigu/mybatis/mapper]
[00:46:04.183] [DEBUG] [main] [org.apache.ibatis.io.DefaultVFS] [Find JAR URL: file:/D:/IDEA%20Java%20Coding/MyBatis/MyBatis_demo3/target/classes/com/atguigu/mybatis/mapper/CacheMapper.class]
[00:46:04.183] [DEBUG] [main] [org.apache.ibatis.io.DefaultVFS] [Not a JAR: file:/D:/IDEA%20Java%20Coding/MyBatis/MyBatis_demo3/target/classes/com/atguigu/mybatis/mapper/CacheMapper.class]
[00:46:04.183] [DEBUG] [main] [org.apache.ibatis.io.DefaultVFS] [Reader entry: ����&amp;#0;&amp;#0;&amp;#0;1&amp;#0;&amp;#15;&amp;#7;&amp;#0;]
[00:46:04.184] [DEBUG] [main] [org.apache.ibatis.io.DefaultVFS] [Find JAR URL: file:/D:/IDEA%20Java%20Coding/MyBatis/MyBatis_demo3/target/classes/com/atguigu/mybatis/mapper/CacheMapper.xml]
[00:46:04.184] [DEBUG] [main] [org.apache.ibatis.io.DefaultVFS] [Not a JAR: file:/D:/IDEA%20Java%20Coding/MyBatis/MyBatis_demo3/target/classes/com/atguigu/mybatis/mapper/CacheMapper.xml]
[00:46:04.184] [DEBUG] [main] [org.apache.ibatis.io.DefaultVFS] [Reader entry: &lt;?xml version=&quot;1.0&quot; encoding=&quot;UTF-8&quot; ?&gt;]
[00:46:04.185] [DEBUG] [main] [org.apache.ibatis.io.DefaultVFS] [Find JAR URL: file:/D:/IDEA%20Java%20Coding/MyBatis/MyBatis_demo3/target/classes/com/atguigu/mybatis/mapper/DeptMapper.class]
[00:46:04.185] [DEBUG] [main] [org.apache.ibatis.io.DefaultVFS] [Not a JAR: file:/D:/IDEA%20Java%20Coding/MyBatis/MyBatis_demo3/target/classes/com/atguigu/mybatis/mapper/DeptMapper.class]
[00:46:04.185] [DEBUG] [main] [org.apache.ibatis.io.DefaultVFS] [Reader entry: ����&amp;#0;&amp;#0;&amp;#0;1&amp;#0;&amp;#15;&amp;#7;&amp;#0;]
[00:46:04.186] [DEBUG] [main] [org.apache.ibatis.io.DefaultVFS] [Find JAR URL: file:/D:/IDEA%20Java%20Coding/MyBatis/MyBatis_demo3/target/classes/com/atguigu/mybatis/mapper/DeptMapper.xml]
[00:46:04.186] [DEBUG] [main] [org.apache.ibatis.io.DefaultVFS] [Not a JAR: file:/D:/IDEA%20Java%20Coding/MyBatis/MyBatis_demo3/target/classes/com/atguigu/mybatis/mapper/DeptMapper.xml]
[00:46:04.186] [DEBUG] [main] [org.apache.ibatis.io.DefaultVFS] [Reader entry: &lt;?xml version=&quot;1.0&quot; encoding=&quot;UTF-8&quot; ?&gt;]
[00:46:04.187] [DEBUG] [main] [org.apache.ibatis.io.DefaultVFS] [Find JAR URL: file:/D:/IDEA%20Java%20Coding/MyBatis/MyBatis_demo3/target/classes/com/atguigu/mybatis/mapper/DynamicSQLMapper.class]
[00:46:04.187] [DEBUG] [main] [org.apache.ibatis.io.DefaultVFS] [Not a JAR: file:/D:/IDEA%20Java%20Coding/MyBatis/MyBatis_demo3/target/classes/com/atguigu/mybatis/mapper/DynamicSQLMapper.class]
[00:46:04.187] [DEBUG] [main] [org.apache.ibatis.io.DefaultVFS] [Reader entry: ����&amp;#0;&amp;#0;&amp;#0;1&amp;#0;&amp;#22;&amp;#7;&amp;#0;&amp;#20;&amp;#7;&amp;#0;&amp;#21;&amp;#1;&amp;#0;&amp;#17;getEmpByCondition&amp;#1;&amp;#0;0(Lcom/atguigu/mybatis/pojo/Emp;)Ljava/util/List;&amp;#1;&amp;#0;	Signature&amp;#1;&amp;#0;P(Lcom/atguigu/mybatis/pojo/Emp;)Ljava/util/List&lt;Lcom/atguigu/mybatis/pojo/Emp;&gt;;&amp;#1;&amp;#0;&amp;#14;getEmpByChoose&amp;#1;&amp;#0;&amp;#17;deleteMoreByArray&amp;#1;&amp;#0;&amp;#23;([Ljava/lang/Integer;)I&amp;#1;&amp;#0;&quot;RuntimeVisibleParameterAnnotations&amp;#1;&amp;#0;%Lorg/apache/ibatis/annotations/Param;&amp;#1;&amp;#0;&amp;#5;value&amp;#1;&amp;#0;&amp;#4;eids&amp;#1;&amp;#0;&amp;#16;insertMoreByList&amp;#1;&amp;#0;&amp;#19;(Ljava/util/List;)I&amp;#1;&amp;#0;3(Ljava/util/List&lt;Lcom/atguigu/mybatis/pojo/Emp;&gt;;)I&amp;#1;&amp;#0;&amp;#4;emps&amp;#1;&amp;#0;]
[00:46:04.188] [DEBUG] [main] [org.apache.ibatis.io.DefaultVFS] [Find JAR URL: file:/D:/IDEA%20Java%20Coding/MyBatis/MyBatis_demo3/target/classes/com/atguigu/mybatis/mapper/DynamicSQLMapper.xml]
[00:46:04.188] [DEBUG] [main] [org.apache.ibatis.io.DefaultVFS] [Not a JAR: file:/D:/IDEA%20Java%20Coding/MyBatis/MyBatis_demo3/target/classes/com/atguigu/mybatis/mapper/DynamicSQLMapper.xml]
[00:46:04.189] [DEBUG] [main] [org.apache.ibatis.io.DefaultVFS] [Reader entry: &lt;?xml version=&quot;1.0&quot; encoding=&quot;UTF-8&quot; ?&gt;]
[00:46:04.189] [DEBUG] [main] [org.apache.ibatis.io.DefaultVFS] [Find JAR URL: file:/D:/IDEA%20Java%20Coding/MyBatis/MyBatis_demo3/target/classes/com/atguigu/mybatis/mapper/EmpMapper.class]
[00:46:04.189] [DEBUG] [main] [org.apache.ibatis.io.DefaultVFS] [Not a JAR: file:/D:/IDEA%20Java%20Coding/MyBatis/MyBatis_demo3/target/classes/com/atguigu/mybatis/mapper/EmpMapper.class]
[00:46:04.190] [DEBUG] [main] [org.apache.ibatis.io.DefaultVFS] [Reader entry: ����&amp;#0;&amp;#0;&amp;#0;1&amp;#0;&amp;#22;&amp;#7;&amp;#0;&amp;#20;&amp;#7;&amp;#0;&amp;#21;&amp;#1;&amp;#0;	getAllEmp&amp;#1;&amp;#0;&amp;#18;()Ljava/util/List;&amp;#1;&amp;#0;	Signature&amp;#1;&amp;#0;2()Ljava/util/List&lt;Lcom/atguigu/mybatis/pojo/Emp;&gt;;&amp;#1;&amp;#0;]
[00:46:04.190] [DEBUG] [main] [org.apache.ibatis.io.DefaultVFS] [Find JAR URL: file:/D:/IDEA%20Java%20Coding/MyBatis/MyBatis_demo3/target/classes/com/atguigu/mybatis/mapper/EmpMapper.xml]
[00:46:04.190] [DEBUG] [main] [org.apache.ibatis.io.DefaultVFS] [Not a JAR: file:/D:/IDEA%20Java%20Coding/MyBatis/MyBatis_demo3/target/classes/com/atguigu/mybatis/mapper/EmpMapper.xml]
[00:46:04.191] [DEBUG] [main] [org.apache.ibatis.io.DefaultVFS] [Reader entry: &lt;?xml version=&quot;1.0&quot; encoding=&quot;UTF-8&quot; ?&gt;]
[00:46:04.191] [DEBUG] [main] [org.apache.ibatis.io.ResolverUtil] [Checking to see if class com.atguigu.mybatis.mapper.CacheMapper matches criteria [is assignable to Object]]
[00:46:04.191] [DEBUG] [main] [org.apache.ibatis.io.ResolverUtil] [Checking to see if class com.atguigu.mybatis.mapper.DeptMapper matches criteria [is assignable to Object]]
[00:46:04.191] [DEBUG] [main] [org.apache.ibatis.io.ResolverUtil] [Checking to see if class com.atguigu.mybatis.mapper.DynamicSQLMapper matches criteria [is assignable to Object]]
[00:46:04.191] [DEBUG] [main] [org.apache.ibatis.io.ResolverUtil] [Checking to see if class com.atguigu.mybatis.mapper.EmpMapper matches criteria [is assignable to Object]]
[00:46:04.218] [DEBUG] [Finalizer] [org.apache.ibatis.datasource.pooled.PooledDataSource] [PooledDataSource forcefully closed/removed all connections.]
[00:46:04.218] [DEBUG] [Finalizer] [org.apache.ibatis.datasource.pooled.PooledDataSource] [PooledDataSource forcefully closed/removed all connections.]
[00:46:04.218] [DEBUG] [Finalizer] [org.apache.ibatis.datasource.pooled.PooledDataSource] [PooledDataSource forcefully closed/removed all connections.]
[00:46:04.229] [DEBUG] [main] [org.apache.ibatis.transaction.jdbc.JdbcTransaction] [Opening JDBC Connection]
</system-out>
  </testcase>
  <testcase classname="com.atguigu.mybatis.test.DynamicSQLMapperTest" name="testDeleteMoreByArray" time="0.112">
    <error message="
### Error updating database.  Cause: java.sql.SQLException: Access denied for user &apos;root&apos;@&apos;localhost&apos; (using password: YES)
### The error may exist in com/atguigu/mybatis/mapper/DynamicSQLMapper.xml
### The error may involve com.atguigu.mybatis.mapper.DynamicSQLMapper.deleteMoreByArray
### The error occurred while executing an update
### Cause: java.sql.SQLException: Access denied for user &apos;root&apos;@&apos;localhost&apos; (using password: YES)" type="org.apache.ibatis.exceptions.PersistenceException">org.apache.ibatis.exceptions.PersistenceException: 
### Error updating database.  Cause: java.sql.SQLException: Access denied for user &apos;root&apos;@&apos;localhost&apos; (using password: YES)
### The error may exist in com/atguigu/mybatis/mapper/DynamicSQLMapper.xml
### The error may involve com.atguigu.mybatis.mapper.DynamicSQLMapper.deleteMoreByArray
### The error occurred while executing an update
### Cause: java.sql.SQLException: Access denied for user &apos;root&apos;@&apos;localhost&apos; (using password: YES)
	at org.apache.ibatis.exceptions.ExceptionFactory.wrapException(ExceptionFactory.java:30)
	at org.apache.ibatis.session.defaults.DefaultSqlSession.update(DefaultSqlSession.java:196)
	at org.apache.ibatis.session.defaults.DefaultSqlSession.delete(DefaultSqlSession.java:209)
	at org.apache.ibatis.binding.MapperMethod.execute(MapperMethod.java:72)
	at org.apache.ibatis.binding.MapperProxy$PlainMethodInvoker.invoke(MapperProxy.java:145)
	at org.apache.ibatis.binding.MapperProxy.invoke(MapperProxy.java:86)
	at com.sun.proxy.$Proxy13.deleteMoreByArray(Unknown Source)
	at com.atguigu.mybatis.test.DynamicSQLMapperTest.testDeleteMoreByArray(DynamicSQLMapperTest.java:59)
	at sun.reflect.NativeMethodAccessorImpl.invoke0(Native Method)
	at sun.reflect.NativeMethodAccessorImpl.invoke(NativeMethodAccessorImpl.java:62)
	at sun.reflect.DelegatingMethodAccessorImpl.invoke(DelegatingMethodAccessorImpl.java:43)
	at java.lang.reflect.Method.invoke(Method.java:498)
	at org.junit.runners.model.FrameworkMethod$1.runReflectiveCall(FrameworkMethod.java:50)
	at org.junit.internal.runners.model.ReflectiveCallable.run(ReflectiveCallable.java:12)
	at org.junit.runners.model.FrameworkMethod.invokeExplosively(FrameworkMethod.java:47)
	at org.junit.internal.runners.statements.InvokeMethod.evaluate(InvokeMethod.java:17)
	at org.junit.runners.ParentRunner.runLeaf(ParentRunner.java:325)
	at org.junit.runners.BlockJUnit4ClassRunner.runChild(BlockJUnit4ClassRunner.java:78)
	at org.junit.runners.BlockJUnit4ClassRunner.runChild(BlockJUnit4ClassRunner.java:57)
	at org.junit.runners.ParentRunner$3.run(ParentRunner.java:290)
	at org.junit.runners.ParentRunner$1.schedule(ParentRunner.java:71)
	at org.junit.runners.ParentRunner.runChildren(ParentRunner.java:288)
	at org.junit.runners.ParentRunner.access$000(ParentRunner.java:58)
	at org.junit.runners.ParentRunner$2.evaluate(ParentRunner.java:268)
	at org.junit.runners.ParentRunner.run(ParentRunner.java:363)
	at org.apache.maven.surefire.junit4.JUnit4Provider.execute(JUnit4Provider.java:252)
	at org.apache.maven.surefire.junit4.JUnit4Provider.executeTestSet(JUnit4Provider.java:141)
	at org.apache.maven.surefire.junit4.JUnit4Provider.invoke(JUnit4Provider.java:112)
	at sun.reflect.NativeMethodAccessorImpl.invoke0(Native Method)
	at sun.reflect.NativeMethodAccessorImpl.invoke(NativeMethodAccessorImpl.java:62)
	at sun.reflect.DelegatingMethodAccessorImpl.invoke(DelegatingMethodAccessorImpl.java:43)
	at java.lang.reflect.Method.invoke(Method.java:498)
	at org.apache.maven.surefire.util.ReflectionUtils.invokeMethodWithArray(ReflectionUtils.java:189)
	at org.apache.maven.surefire.booter.ProviderFactory$ProviderProxy.invoke(ProviderFactory.java:165)
	at org.apache.maven.surefire.booter.ProviderFactory.invokeProvider(ProviderFactory.java:85)
	at org.apache.maven.surefire.booter.ForkedBooter.runSuitesInProcess(ForkedBooter.java:115)
	at org.apache.maven.surefire.booter.ForkedBooter.main(ForkedBooter.java:75)
Caused by: java.sql.SQLException: Access denied for user &apos;root&apos;@&apos;localhost&apos; (using password: YES)
	at com.mysql.jdbc.SQLError.createSQLException(SQLError.java:1056)
	at com.mysql.jdbc.SQLError.createSQLException(SQLError.java:957)
	at com.mysql.jdbc.MysqlIO.checkErrorPacket(MysqlIO.java:3378)
	at com.mysql.jdbc.MysqlIO.checkErrorPacket(MysqlIO.java:3310)
	at com.mysql.jdbc.MysqlIO.checkErrorPacket(MysqlIO.java:910)
	at com.mysql.jdbc.MysqlIO.secureAuth411(MysqlIO.java:3810)
	at com.mysql.jdbc.MysqlIO.doHandshake(MysqlIO.java:1272)
	at com.mysql.jdbc.ConnectionImpl.createNewIO(ConnectionImpl.java:1992)
	at com.mysql.jdbc.ConnectionImpl.&lt;init&gt;(ConnectionImpl.java:720)
	at com.mysql.jdbc.JDBC4Connection.&lt;init&gt;(JDBC4Connection.java:46)
	at sun.reflect.NativeConstructorAccessorImpl.newInstance0(Native Method)
	at sun.reflect.NativeConstructorAccessorImpl.newInstance(NativeConstructorAccessorImpl.java:62)
	at sun.reflect.DelegatingConstructorAccessorImpl.newInstance(DelegatingConstructorAccessorImpl.java:45)
	at java.lang.reflect.Constructor.newInstance(Constructor.java:423)
	at com.mysql.jdbc.Util.handleNewInstance(Util.java:403)
	at com.mysql.jdbc.ConnectionImpl.getInstance(ConnectionImpl.java:293)
	at com.mysql.jdbc.NonRegisteringDriver.connect(NonRegisteringDriver.java:283)
	at java.sql.DriverManager.getConnection(DriverManager.java:664)
	at java.sql.DriverManager.getConnection(DriverManager.java:208)
	at org.apache.ibatis.datasource.unpooled.UnpooledDataSource.doGetConnection(UnpooledDataSource.java:224)
	at org.apache.ibatis.datasource.unpooled.UnpooledDataSource.doGetConnection(UnpooledDataSource.java:219)
	at org.apache.ibatis.datasource.unpooled.UnpooledDataSource.getConnection(UnpooledDataSource.java:95)
	at org.apache.ibatis.datasource.pooled.PooledDataSource.popConnection(PooledDataSource.java:432)
	at org.apache.ibatis.datasource.pooled.PooledDataSource.getConnection(PooledDataSource.java:89)
	at org.apache.ibatis.transaction.jdbc.JdbcTransaction.openConnection(JdbcTransaction.java:139)
	at org.apache.ibatis.transaction.jdbc.JdbcTransaction.getConnection(JdbcTransaction.java:61)
	at org.apache.ibatis.executor.BaseExecutor.getConnection(BaseExecutor.java:337)
	at org.apache.ibatis.executor.SimpleExecutor.prepareStatement(SimpleExecutor.java:86)
	at org.apache.ibatis.executor.SimpleExecutor.doUpdate(SimpleExecutor.java:49)
	at org.apache.ibatis.executor.BaseExecutor.update(BaseExecutor.java:117)
	at org.apache.ibatis.executor.CachingExecutor.update(CachingExecutor.java:76)
	at org.apache.ibatis.session.defaults.DefaultSqlSession.update(DefaultSqlSession.java:194)
	... 35 more
</error>
    <system-out>[00:46:04.241] [DEBUG] [main] [org.apache.ibatis.io.DefaultVFS] [Find JAR URL: file:/D:/IDEA%20Java%20Coding/MyBatis/MyBatis_demo3/target/classes/com/atguigu/mybatis/pojo]
[00:46:04.242] [DEBUG] [main] [org.apache.ibatis.io.DefaultVFS] [Not a JAR: file:/D:/IDEA%20Java%20Coding/MyBatis/MyBatis_demo3/target/classes/com/atguigu/mybatis/pojo]
[00:46:04.242] [DEBUG] [main] [org.apache.ibatis.io.DefaultVFS] [Reader entry: Dept.class]
[00:46:04.242] [DEBUG] [main] [org.apache.ibatis.io.DefaultVFS] [Reader entry: Emp.class]
[00:46:04.242] [DEBUG] [main] [org.apache.ibatis.io.DefaultVFS] [Listing file:/D:/IDEA%20Java%20Coding/MyBatis/MyBatis_demo3/target/classes/com/atguigu/mybatis/pojo]
[00:46:04.242] [DEBUG] [main] [org.apache.ibatis.io.DefaultVFS] [Find JAR URL: file:/D:/IDEA%20Java%20Coding/MyBatis/MyBatis_demo3/target/classes/com/atguigu/mybatis/pojo/Dept.class]
[00:46:04.243] [DEBUG] [main] [org.apache.ibatis.io.DefaultVFS] [Not a JAR: file:/D:/IDEA%20Java%20Coding/MyBatis/MyBatis_demo3/target/classes/com/atguigu/mybatis/pojo/Dept.class]
[00:46:04.243] [DEBUG] [main] [org.apache.ibatis.io.DefaultVFS] [Reader entry: ����&amp;#0;&amp;#0;&amp;#0;1&amp;#0;D&amp;#7;&amp;#0;2]
[00:46:04.243] [DEBUG] [main] [org.apache.ibatis.io.DefaultVFS] [Find JAR URL: file:/D:/IDEA%20Java%20Coding/MyBatis/MyBatis_demo3/target/classes/com/atguigu/mybatis/pojo/Emp.class]
[00:46:04.244] [DEBUG] [main] [org.apache.ibatis.io.DefaultVFS] [Not a JAR: file:/D:/IDEA%20Java%20Coding/MyBatis/MyBatis_demo3/target/classes/com/atguigu/mybatis/pojo/Emp.class]
[00:46:04.244] [DEBUG] [main] [org.apache.ibatis.io.DefaultVFS] [Reader entry: ����&amp;#0;&amp;#0;&amp;#0;1&amp;#0;T&amp;#7;&amp;#0;&lt;]
[00:46:04.244] [DEBUG] [main] [org.apache.ibatis.io.ResolverUtil] [Checking to see if class com.atguigu.mybatis.pojo.Dept matches criteria [is assignable to Object]]
[00:46:04.245] [DEBUG] [main] [org.apache.ibatis.io.ResolverUtil] [Checking to see if class com.atguigu.mybatis.pojo.Emp matches criteria [is assignable to Object]]
[00:46:04.246] [DEBUG] [main] [org.apache.ibatis.datasource.pooled.PooledDataSource] [PooledDataSource forcefully closed/removed all connections.]
[00:46:04.247] [DEBUG] [main] [org.apache.ibatis.datasource.pooled.PooledDataSource] [PooledDataSource forcefully closed/removed all connections.]
[00:46:04.247] [DEBUG] [main] [org.apache.ibatis.datasource.pooled.PooledDataSource] [PooledDataSource forcefully closed/removed all connections.]
[00:46:04.247] [DEBUG] [main] [org.apache.ibatis.datasource.pooled.PooledDataSource] [PooledDataSource forcefully closed/removed all connections.]
[00:46:04.248] [DEBUG] [main] [org.apache.ibatis.io.DefaultVFS] [Find JAR URL: file:/D:/IDEA%20Java%20Coding/MyBatis/MyBatis_demo3/target/classes/com/atguigu/mybatis/mapper]
[00:46:04.248] [DEBUG] [main] [org.apache.ibatis.io.DefaultVFS] [Not a JAR: file:/D:/IDEA%20Java%20Coding/MyBatis/MyBatis_demo3/target/classes/com/atguigu/mybatis/mapper]
[00:46:04.248] [DEBUG] [main] [org.apache.ibatis.io.DefaultVFS] [Reader entry: CacheMapper.class]
[00:46:04.249] [DEBUG] [main] [org.apache.ibatis.io.DefaultVFS] [Reader entry: CacheMapper.xml]
[00:46:04.249] [DEBUG] [main] [org.apache.ibatis.io.DefaultVFS] [Reader entry: DeptMapper.class]
[00:46:04.249] [DEBUG] [main] [org.apache.ibatis.io.DefaultVFS] [Reader entry: DeptMapper.xml]
[00:46:04.249] [DEBUG] [main] [org.apache.ibatis.io.DefaultVFS] [Reader entry: DynamicSQLMapper.class]
[00:46:04.249] [DEBUG] [main] [org.apache.ibatis.io.DefaultVFS] [Reader entry: DynamicSQLMapper.xml]
[00:46:04.249] [DEBUG] [main] [org.apache.ibatis.io.DefaultVFS] [Reader entry: EmpMapper.class]
[00:46:04.249] [DEBUG] [main] [org.apache.ibatis.io.DefaultVFS] [Reader entry: EmpMapper.xml]
[00:46:04.249] [DEBUG] [main] [org.apache.ibatis.io.DefaultVFS] [Listing file:/D:/IDEA%20Java%20Coding/MyBatis/MyBatis_demo3/target/classes/com/atguigu/mybatis/mapper]
[00:46:04.249] [DEBUG] [main] [org.apache.ibatis.io.DefaultVFS] [Find JAR URL: file:/D:/IDEA%20Java%20Coding/MyBatis/MyBatis_demo3/target/classes/com/atguigu/mybatis/mapper/CacheMapper.class]
[00:46:04.250] [DEBUG] [main] [org.apache.ibatis.io.DefaultVFS] [Not a JAR: file:/D:/IDEA%20Java%20Coding/MyBatis/MyBatis_demo3/target/classes/com/atguigu/mybatis/mapper/CacheMapper.class]
[00:46:04.250] [DEBUG] [main] [org.apache.ibatis.io.DefaultVFS] [Reader entry: ����&amp;#0;&amp;#0;&amp;#0;1&amp;#0;&amp;#15;&amp;#7;&amp;#0;]
[00:46:04.250] [DEBUG] [main] [org.apache.ibatis.io.DefaultVFS] [Find JAR URL: file:/D:/IDEA%20Java%20Coding/MyBatis/MyBatis_demo3/target/classes/com/atguigu/mybatis/mapper/CacheMapper.xml]
[00:46:04.250] [DEBUG] [main] [org.apache.ibatis.io.DefaultVFS] [Not a JAR: file:/D:/IDEA%20Java%20Coding/MyBatis/MyBatis_demo3/target/classes/com/atguigu/mybatis/mapper/CacheMapper.xml]
[00:46:04.250] [DEBUG] [main] [org.apache.ibatis.io.DefaultVFS] [Reader entry: &lt;?xml version=&quot;1.0&quot; encoding=&quot;UTF-8&quot; ?&gt;]
[00:46:04.251] [DEBUG] [main] [org.apache.ibatis.io.DefaultVFS] [Find JAR URL: file:/D:/IDEA%20Java%20Coding/MyBatis/MyBatis_demo3/target/classes/com/atguigu/mybatis/mapper/DeptMapper.class]
[00:46:04.251] [DEBUG] [main] [org.apache.ibatis.io.DefaultVFS] [Not a JAR: file:/D:/IDEA%20Java%20Coding/MyBatis/MyBatis_demo3/target/classes/com/atguigu/mybatis/mapper/DeptMapper.class]
[00:46:04.251] [DEBUG] [main] [org.apache.ibatis.io.DefaultVFS] [Reader entry: ����&amp;#0;&amp;#0;&amp;#0;1&amp;#0;&amp;#15;&amp;#7;&amp;#0;]
[00:46:04.251] [DEBUG] [main] [org.apache.ibatis.io.DefaultVFS] [Find JAR URL: file:/D:/IDEA%20Java%20Coding/MyBatis/MyBatis_demo3/target/classes/com/atguigu/mybatis/mapper/DeptMapper.xml]
[00:46:04.251] [DEBUG] [main] [org.apache.ibatis.io.DefaultVFS] [Not a JAR: file:/D:/IDEA%20Java%20Coding/MyBatis/MyBatis_demo3/target/classes/com/atguigu/mybatis/mapper/DeptMapper.xml]
[00:46:04.252] [DEBUG] [main] [org.apache.ibatis.io.DefaultVFS] [Reader entry: &lt;?xml version=&quot;1.0&quot; encoding=&quot;UTF-8&quot; ?&gt;]
[00:46:04.252] [DEBUG] [main] [org.apache.ibatis.io.DefaultVFS] [Find JAR URL: file:/D:/IDEA%20Java%20Coding/MyBatis/MyBatis_demo3/target/classes/com/atguigu/mybatis/mapper/DynamicSQLMapper.class]
[00:46:04.252] [DEBUG] [main] [org.apache.ibatis.io.DefaultVFS] [Not a JAR: file:/D:/IDEA%20Java%20Coding/MyBatis/MyBatis_demo3/target/classes/com/atguigu/mybatis/mapper/DynamicSQLMapper.class]
[00:46:04.252] [DEBUG] [main] [org.apache.ibatis.io.DefaultVFS] [Reader entry: ����&amp;#0;&amp;#0;&amp;#0;1&amp;#0;&amp;#22;&amp;#7;&amp;#0;&amp;#20;&amp;#7;&amp;#0;&amp;#21;&amp;#1;&amp;#0;&amp;#17;getEmpByCondition&amp;#1;&amp;#0;0(Lcom/atguigu/mybatis/pojo/Emp;)Ljava/util/List;&amp;#1;&amp;#0;	Signature&amp;#1;&amp;#0;P(Lcom/atguigu/mybatis/pojo/Emp;)Ljava/util/List&lt;Lcom/atguigu/mybatis/pojo/Emp;&gt;;&amp;#1;&amp;#0;&amp;#14;getEmpByChoose&amp;#1;&amp;#0;&amp;#17;deleteMoreByArray&amp;#1;&amp;#0;&amp;#23;([Ljava/lang/Integer;)I&amp;#1;&amp;#0;&quot;RuntimeVisibleParameterAnnotations&amp;#1;&amp;#0;%Lorg/apache/ibatis/annotations/Param;&amp;#1;&amp;#0;&amp;#5;value&amp;#1;&amp;#0;&amp;#4;eids&amp;#1;&amp;#0;&amp;#16;insertMoreByList&amp;#1;&amp;#0;&amp;#19;(Ljava/util/List;)I&amp;#1;&amp;#0;3(Ljava/util/List&lt;Lcom/atguigu/mybatis/pojo/Emp;&gt;;)I&amp;#1;&amp;#0;&amp;#4;emps&amp;#1;&amp;#0;]
[00:46:04.252] [DEBUG] [main] [org.apache.ibatis.io.DefaultVFS] [Find JAR URL: file:/D:/IDEA%20Java%20Coding/MyBatis/MyBatis_demo3/target/classes/com/atguigu/mybatis/mapper/DynamicSQLMapper.xml]
[00:46:04.253] [DEBUG] [main] [org.apache.ibatis.io.DefaultVFS] [Not a JAR: file:/D:/IDEA%20Java%20Coding/MyBatis/MyBatis_demo3/target/classes/com/atguigu/mybatis/mapper/DynamicSQLMapper.xml]
[00:46:04.253] [DEBUG] [main] [org.apache.ibatis.io.DefaultVFS] [Reader entry: &lt;?xml version=&quot;1.0&quot; encoding=&quot;UTF-8&quot; ?&gt;]
[00:46:04.253] [DEBUG] [main] [org.apache.ibatis.io.DefaultVFS] [Find JAR URL: file:/D:/IDEA%20Java%20Coding/MyBatis/MyBatis_demo3/target/classes/com/atguigu/mybatis/mapper/EmpMapper.class]
[00:46:04.253] [DEBUG] [main] [org.apache.ibatis.io.DefaultVFS] [Not a JAR: file:/D:/IDEA%20Java%20Coding/MyBatis/MyBatis_demo3/target/classes/com/atguigu/mybatis/mapper/EmpMapper.class]
[00:46:04.254] [DEBUG] [main] [org.apache.ibatis.io.DefaultVFS] [Reader entry: ����&amp;#0;&amp;#0;&amp;#0;1&amp;#0;&amp;#22;&amp;#7;&amp;#0;&amp;#20;&amp;#7;&amp;#0;&amp;#21;&amp;#1;&amp;#0;	getAllEmp&amp;#1;&amp;#0;&amp;#18;()Ljava/util/List;&amp;#1;&amp;#0;	Signature&amp;#1;&amp;#0;2()Ljava/util/List&lt;Lcom/atguigu/mybatis/pojo/Emp;&gt;;&amp;#1;&amp;#0;]
[00:46:04.254] [DEBUG] [main] [org.apache.ibatis.io.DefaultVFS] [Find JAR URL: file:/D:/IDEA%20Java%20Coding/MyBatis/MyBatis_demo3/target/classes/com/atguigu/mybatis/mapper/EmpMapper.xml]
[00:46:04.254] [DEBUG] [main] [org.apache.ibatis.io.DefaultVFS] [Not a JAR: file:/D:/IDEA%20Java%20Coding/MyBatis/MyBatis_demo3/target/classes/com/atguigu/mybatis/mapper/EmpMapper.xml]
[00:46:04.254] [DEBUG] [main] [org.apache.ibatis.io.DefaultVFS] [Reader entry: &lt;?xml version=&quot;1.0&quot; encoding=&quot;UTF-8&quot; ?&gt;]
[00:46:04.254] [DEBUG] [main] [org.apache.ibatis.io.ResolverUtil] [Checking to see if class com.atguigu.mybatis.mapper.CacheMapper matches criteria [is assignable to Object]]
[00:46:04.255] [DEBUG] [main] [org.apache.ibatis.io.ResolverUtil] [Checking to see if class com.atguigu.mybatis.mapper.DeptMapper matches criteria [is assignable to Object]]
[00:46:04.255] [DEBUG] [main] [org.apache.ibatis.io.ResolverUtil] [Checking to see if class com.atguigu.mybatis.mapper.DynamicSQLMapper matches criteria [is assignable to Object]]
[00:46:04.255] [DEBUG] [main] [org.apache.ibatis.io.ResolverUtil] [Checking to see if class com.atguigu.mybatis.mapper.EmpMapper matches criteria [is assignable to Object]]
[00:46:04.342] [DEBUG] [main] [org.apache.ibatis.transaction.jdbc.JdbcTransaction] [Opening JDBC Connection]
</system-out>
  </testcase>
  <testcase classname="com.atguigu.mybatis.test.DynamicSQLMapperTest" name="testGetEmpByChoose" time="0.05">
    <error message="
### Error querying database.  Cause: java.sql.SQLException: Access denied for user &apos;root&apos;@&apos;localhost&apos; (using password: YES)
### The error may exist in com/atguigu/mybatis/mapper/DynamicSQLMapper.xml
### The error may involve com.atguigu.mybatis.mapper.DynamicSQLMapper.getEmpByChoose
### The error occurred while executing a query
### Cause: java.sql.SQLException: Access denied for user &apos;root&apos;@&apos;localhost&apos; (using password: YES)" type="org.apache.ibatis.exceptions.PersistenceException">org.apache.ibatis.exceptions.PersistenceException: 
### Error querying database.  Cause: java.sql.SQLException: Access denied for user &apos;root&apos;@&apos;localhost&apos; (using password: YES)
### The error may exist in com/atguigu/mybatis/mapper/DynamicSQLMapper.xml
### The error may involve com.atguigu.mybatis.mapper.DynamicSQLMapper.getEmpByChoose
### The error occurred while executing a query
### Cause: java.sql.SQLException: Access denied for user &apos;root&apos;@&apos;localhost&apos; (using password: YES)
	at org.apache.ibatis.exceptions.ExceptionFactory.wrapException(ExceptionFactory.java:30)
	at org.apache.ibatis.session.defaults.DefaultSqlSession.selectList(DefaultSqlSession.java:153)
	at org.apache.ibatis.session.defaults.DefaultSqlSession.selectList(DefaultSqlSession.java:145)
	at org.apache.ibatis.session.defaults.DefaultSqlSession.selectList(DefaultSqlSession.java:140)
	at org.apache.ibatis.binding.MapperMethod.executeForMany(MapperMethod.java:147)
	at org.apache.ibatis.binding.MapperMethod.execute(MapperMethod.java:80)
	at org.apache.ibatis.binding.MapperProxy$PlainMethodInvoker.invoke(MapperProxy.java:145)
	at org.apache.ibatis.binding.MapperProxy.invoke(MapperProxy.java:86)
	at com.sun.proxy.$Proxy13.getEmpByChoose(Unknown Source)
	at com.atguigu.mybatis.test.DynamicSQLMapperTest.testGetEmpByChoose(DynamicSQLMapperTest.java:67)
	at sun.reflect.NativeMethodAccessorImpl.invoke0(Native Method)
	at sun.reflect.NativeMethodAccessorImpl.invoke(NativeMethodAccessorImpl.java:62)
	at sun.reflect.DelegatingMethodAccessorImpl.invoke(DelegatingMethodAccessorImpl.java:43)
	at java.lang.reflect.Method.invoke(Method.java:498)
	at org.junit.runners.model.FrameworkMethod$1.runReflectiveCall(FrameworkMethod.java:50)
	at org.junit.internal.runners.model.ReflectiveCallable.run(ReflectiveCallable.java:12)
	at org.junit.runners.model.FrameworkMethod.invokeExplosively(FrameworkMethod.java:47)
	at org.junit.internal.runners.statements.InvokeMethod.evaluate(InvokeMethod.java:17)
	at org.junit.runners.ParentRunner.runLeaf(ParentRunner.java:325)
	at org.junit.runners.BlockJUnit4ClassRunner.runChild(BlockJUnit4ClassRunner.java:78)
	at org.junit.runners.BlockJUnit4ClassRunner.runChild(BlockJUnit4ClassRunner.java:57)
	at org.junit.runners.ParentRunner$3.run(ParentRunner.java:290)
	at org.junit.runners.ParentRunner$1.schedule(ParentRunner.java:71)
	at org.junit.runners.ParentRunner.runChildren(ParentRunner.java:288)
	at org.junit.runners.ParentRunner.access$000(ParentRunner.java:58)
	at org.junit.runners.ParentRunner$2.evaluate(ParentRunner.java:268)
	at org.junit.runners.ParentRunner.run(ParentRunner.java:363)
	at org.apache.maven.surefire.junit4.JUnit4Provider.execute(JUnit4Provider.java:252)
	at org.apache.maven.surefire.junit4.JUnit4Provider.executeTestSet(JUnit4Provider.java:141)
	at org.apache.maven.surefire.junit4.JUnit4Provider.invoke(JUnit4Provider.java:112)
	at sun.reflect.NativeMethodAccessorImpl.invoke0(Native Method)
	at sun.reflect.NativeMethodAccessorImpl.invoke(NativeMethodAccessorImpl.java:62)
	at sun.reflect.DelegatingMethodAccessorImpl.invoke(DelegatingMethodAccessorImpl.java:43)
	at java.lang.reflect.Method.invoke(Method.java:498)
	at org.apache.maven.surefire.util.ReflectionUtils.invokeMethodWithArray(ReflectionUtils.java:189)
	at org.apache.maven.surefire.booter.ProviderFactory$ProviderProxy.invoke(ProviderFactory.java:165)
	at org.apache.maven.surefire.booter.ProviderFactory.invokeProvider(ProviderFactory.java:85)
	at org.apache.maven.surefire.booter.ForkedBooter.runSuitesInProcess(ForkedBooter.java:115)
	at org.apache.maven.surefire.booter.ForkedBooter.main(ForkedBooter.java:75)
Caused by: java.sql.SQLException: Access denied for user &apos;root&apos;@&apos;localhost&apos; (using password: YES)
	at com.mysql.jdbc.SQLError.createSQLException(SQLError.java:1056)
	at com.mysql.jdbc.SQLError.createSQLException(SQLError.java:957)
	at com.mysql.jdbc.MysqlIO.checkErrorPacket(MysqlIO.java:3378)
	at com.mysql.jdbc.MysqlIO.checkErrorPacket(MysqlIO.java:3310)
	at com.mysql.jdbc.MysqlIO.checkErrorPacket(MysqlIO.java:910)
	at com.mysql.jdbc.MysqlIO.secureAuth411(MysqlIO.java:3810)
	at com.mysql.jdbc.MysqlIO.doHandshake(MysqlIO.java:1272)
	at com.mysql.jdbc.ConnectionImpl.createNewIO(ConnectionImpl.java:1992)
	at com.mysql.jdbc.ConnectionImpl.&lt;init&gt;(ConnectionImpl.java:720)
	at com.mysql.jdbc.JDBC4Connection.&lt;init&gt;(JDBC4Connection.java:46)
	at sun.reflect.NativeConstructorAccessorImpl.newInstance0(Native Method)
	at sun.reflect.NativeConstructorAccessorImpl.newInstance(NativeConstructorAccessorImpl.java:62)
	at sun.reflect.DelegatingConstructorAccessorImpl.newInstance(DelegatingConstructorAccessorImpl.java:45)
	at java.lang.reflect.Constructor.newInstance(Constructor.java:423)
	at com.mysql.jdbc.Util.handleNewInstance(Util.java:403)
	at com.mysql.jdbc.ConnectionImpl.getInstance(ConnectionImpl.java:293)
	at com.mysql.jdbc.NonRegisteringDriver.connect(NonRegisteringDriver.java:283)
	at java.sql.DriverManager.getConnection(DriverManager.java:664)
	at java.sql.DriverManager.getConnection(DriverManager.java:208)
	at org.apache.ibatis.datasource.unpooled.UnpooledDataSource.doGetConnection(UnpooledDataSource.java:224)
	at org.apache.ibatis.datasource.unpooled.UnpooledDataSource.doGetConnection(UnpooledDataSource.java:219)
	at org.apache.ibatis.datasource.unpooled.UnpooledDataSource.getConnection(UnpooledDataSource.java:95)
	at org.apache.ibatis.datasource.pooled.PooledDataSource.popConnection(PooledDataSource.java:432)
	at org.apache.ibatis.datasource.pooled.PooledDataSource.getConnection(PooledDataSource.java:89)
	at org.apache.ibatis.transaction.jdbc.JdbcTransaction.openConnection(JdbcTransaction.java:139)
	at org.apache.ibatis.transaction.jdbc.JdbcTransaction.getConnection(JdbcTransaction.java:61)
	at org.apache.ibatis.executor.BaseExecutor.getConnection(BaseExecutor.java:337)
	at org.apache.ibatis.executor.SimpleExecutor.prepareStatement(SimpleExecutor.java:86)
	at org.apache.ibatis.executor.SimpleExecutor.doQuery(SimpleExecutor.java:62)
	at org.apache.ibatis.executor.BaseExecutor.queryFromDatabase(BaseExecutor.java:325)
	at org.apache.ibatis.executor.BaseExecutor.query(BaseExecutor.java:156)
	at org.apache.ibatis.executor.CachingExecutor.query(CachingExecutor.java:109)
	at org.apache.ibatis.executor.CachingExecutor.query(CachingExecutor.java:89)
	at org.apache.ibatis.session.defaults.DefaultSqlSession.selectList(DefaultSqlSession.java:151)
	... 37 more
</error>
    <system-out>[00:46:04.351] [DEBUG] [main] [org.apache.ibatis.io.DefaultVFS] [Find JAR URL: file:/D:/IDEA%20Java%20Coding/MyBatis/MyBatis_demo3/target/classes/com/atguigu/mybatis/pojo]
[00:46:04.351] [DEBUG] [main] [org.apache.ibatis.io.DefaultVFS] [Not a JAR: file:/D:/IDEA%20Java%20Coding/MyBatis/MyBatis_demo3/target/classes/com/atguigu/mybatis/pojo]
[00:46:04.352] [DEBUG] [main] [org.apache.ibatis.io.DefaultVFS] [Reader entry: Dept.class]
[00:46:04.352] [DEBUG] [main] [org.apache.ibatis.io.DefaultVFS] [Reader entry: Emp.class]
[00:46:04.352] [DEBUG] [main] [org.apache.ibatis.io.DefaultVFS] [Listing file:/D:/IDEA%20Java%20Coding/MyBatis/MyBatis_demo3/target/classes/com/atguigu/mybatis/pojo]
[00:46:04.352] [DEBUG] [main] [org.apache.ibatis.io.DefaultVFS] [Find JAR URL: file:/D:/IDEA%20Java%20Coding/MyBatis/MyBatis_demo3/target/classes/com/atguigu/mybatis/pojo/Dept.class]
[00:46:04.352] [DEBUG] [main] [org.apache.ibatis.io.DefaultVFS] [Not a JAR: file:/D:/IDEA%20Java%20Coding/MyBatis/MyBatis_demo3/target/classes/com/atguigu/mybatis/pojo/Dept.class]
[00:46:04.353] [DEBUG] [main] [org.apache.ibatis.io.DefaultVFS] [Reader entry: ����&amp;#0;&amp;#0;&amp;#0;1&amp;#0;D&amp;#7;&amp;#0;2]
[00:46:04.353] [DEBUG] [main] [org.apache.ibatis.io.DefaultVFS] [Find JAR URL: file:/D:/IDEA%20Java%20Coding/MyBatis/MyBatis_demo3/target/classes/com/atguigu/mybatis/pojo/Emp.class]
[00:46:04.353] [DEBUG] [main] [org.apache.ibatis.io.DefaultVFS] [Not a JAR: file:/D:/IDEA%20Java%20Coding/MyBatis/MyBatis_demo3/target/classes/com/atguigu/mybatis/pojo/Emp.class]
[00:46:04.353] [DEBUG] [main] [org.apache.ibatis.io.DefaultVFS] [Reader entry: ����&amp;#0;&amp;#0;&amp;#0;1&amp;#0;T&amp;#7;&amp;#0;&lt;]
[00:46:04.353] [DEBUG] [main] [org.apache.ibatis.io.ResolverUtil] [Checking to see if class com.atguigu.mybatis.pojo.Dept matches criteria [is assignable to Object]]
[00:46:04.353] [DEBUG] [main] [org.apache.ibatis.io.ResolverUtil] [Checking to see if class com.atguigu.mybatis.pojo.Emp matches criteria [is assignable to Object]]
[00:46:04.355] [DEBUG] [main] [org.apache.ibatis.datasource.pooled.PooledDataSource] [PooledDataSource forcefully closed/removed all connections.]
[00:46:04.355] [DEBUG] [main] [org.apache.ibatis.datasource.pooled.PooledDataSource] [PooledDataSource forcefully closed/removed all connections.]
[00:46:04.355] [DEBUG] [main] [org.apache.ibatis.datasource.pooled.PooledDataSource] [PooledDataSource forcefully closed/removed all connections.]
[00:46:04.355] [DEBUG] [main] [org.apache.ibatis.datasource.pooled.PooledDataSource] [PooledDataSource forcefully closed/removed all connections.]
[00:46:04.356] [DEBUG] [main] [org.apache.ibatis.io.DefaultVFS] [Find JAR URL: file:/D:/IDEA%20Java%20Coding/MyBatis/MyBatis_demo3/target/classes/com/atguigu/mybatis/mapper]
[00:46:04.356] [DEBUG] [main] [org.apache.ibatis.io.DefaultVFS] [Not a JAR: file:/D:/IDEA%20Java%20Coding/MyBatis/MyBatis_demo3/target/classes/com/atguigu/mybatis/mapper]
[00:46:04.356] [DEBUG] [main] [org.apache.ibatis.io.DefaultVFS] [Reader entry: CacheMapper.class]
[00:46:04.357] [DEBUG] [main] [org.apache.ibatis.io.DefaultVFS] [Reader entry: CacheMapper.xml]
[00:46:04.357] [DEBUG] [main] [org.apache.ibatis.io.DefaultVFS] [Reader entry: DeptMapper.class]
[00:46:04.357] [DEBUG] [main] [org.apache.ibatis.io.DefaultVFS] [Reader entry: DeptMapper.xml]
[00:46:04.357] [DEBUG] [main] [org.apache.ibatis.io.DefaultVFS] [Reader entry: DynamicSQLMapper.class]
[00:46:04.357] [DEBUG] [main] [org.apache.ibatis.io.DefaultVFS] [Reader entry: DynamicSQLMapper.xml]
[00:46:04.357] [DEBUG] [main] [org.apache.ibatis.io.DefaultVFS] [Reader entry: EmpMapper.class]
[00:46:04.358] [DEBUG] [main] [org.apache.ibatis.io.DefaultVFS] [Reader entry: EmpMapper.xml]
[00:46:04.358] [DEBUG] [main] [org.apache.ibatis.io.DefaultVFS] [Listing file:/D:/IDEA%20Java%20Coding/MyBatis/MyBatis_demo3/target/classes/com/atguigu/mybatis/mapper]
[00:46:04.358] [DEBUG] [main] [org.apache.ibatis.io.DefaultVFS] [Find JAR URL: file:/D:/IDEA%20Java%20Coding/MyBatis/MyBatis_demo3/target/classes/com/atguigu/mybatis/mapper/CacheMapper.class]
[00:46:04.358] [DEBUG] [main] [org.apache.ibatis.io.DefaultVFS] [Not a JAR: file:/D:/IDEA%20Java%20Coding/MyBatis/MyBatis_demo3/target/classes/com/atguigu/mybatis/mapper/CacheMapper.class]
[00:46:04.358] [DEBUG] [main] [org.apache.ibatis.io.DefaultVFS] [Reader entry: ����&amp;#0;&amp;#0;&amp;#0;1&amp;#0;&amp;#15;&amp;#7;&amp;#0;]
[00:46:04.358] [DEBUG] [main] [org.apache.ibatis.io.DefaultVFS] [Find JAR URL: file:/D:/IDEA%20Java%20Coding/MyBatis/MyBatis_demo3/target/classes/com/atguigu/mybatis/mapper/CacheMapper.xml]
[00:46:04.358] [DEBUG] [main] [org.apache.ibatis.io.DefaultVFS] [Not a JAR: file:/D:/IDEA%20Java%20Coding/MyBatis/MyBatis_demo3/target/classes/com/atguigu/mybatis/mapper/CacheMapper.xml]
[00:46:04.359] [DEBUG] [main] [org.apache.ibatis.io.DefaultVFS] [Reader entry: &lt;?xml version=&quot;1.0&quot; encoding=&quot;UTF-8&quot; ?&gt;]
[00:46:04.359] [DEBUG] [main] [org.apache.ibatis.io.DefaultVFS] [Find JAR URL: file:/D:/IDEA%20Java%20Coding/MyBatis/MyBatis_demo3/target/classes/com/atguigu/mybatis/mapper/DeptMapper.class]
[00:46:04.359] [DEBUG] [main] [org.apache.ibatis.io.DefaultVFS] [Not a JAR: file:/D:/IDEA%20Java%20Coding/MyBatis/MyBatis_demo3/target/classes/com/atguigu/mybatis/mapper/DeptMapper.class]
[00:46:04.360] [DEBUG] [main] [org.apache.ibatis.io.DefaultVFS] [Reader entry: ����&amp;#0;&amp;#0;&amp;#0;1&amp;#0;&amp;#15;&amp;#7;&amp;#0;]
[00:46:04.360] [DEBUG] [main] [org.apache.ibatis.io.DefaultVFS] [Find JAR URL: file:/D:/IDEA%20Java%20Coding/MyBatis/MyBatis_demo3/target/classes/com/atguigu/mybatis/mapper/DeptMapper.xml]
[00:46:04.360] [DEBUG] [main] [org.apache.ibatis.io.DefaultVFS] [Not a JAR: file:/D:/IDEA%20Java%20Coding/MyBatis/MyBatis_demo3/target/classes/com/atguigu/mybatis/mapper/DeptMapper.xml]
[00:46:04.360] [DEBUG] [main] [org.apache.ibatis.io.DefaultVFS] [Reader entry: &lt;?xml version=&quot;1.0&quot; encoding=&quot;UTF-8&quot; ?&gt;]
[00:46:04.360] [DEBUG] [main] [org.apache.ibatis.io.DefaultVFS] [Find JAR URL: file:/D:/IDEA%20Java%20Coding/MyBatis/MyBatis_demo3/target/classes/com/atguigu/mybatis/mapper/DynamicSQLMapper.class]
[00:46:04.360] [DEBUG] [main] [org.apache.ibatis.io.DefaultVFS] [Not a JAR: file:/D:/IDEA%20Java%20Coding/MyBatis/MyBatis_demo3/target/classes/com/atguigu/mybatis/mapper/DynamicSQLMapper.class]
[00:46:04.361] [DEBUG] [main] [org.apache.ibatis.io.DefaultVFS] [Reader entry: ����&amp;#0;&amp;#0;&amp;#0;1&amp;#0;&amp;#22;&amp;#7;&amp;#0;&amp;#20;&amp;#7;&amp;#0;&amp;#21;&amp;#1;&amp;#0;&amp;#17;getEmpByCondition&amp;#1;&amp;#0;0(Lcom/atguigu/mybatis/pojo/Emp;)Ljava/util/List;&amp;#1;&amp;#0;	Signature&amp;#1;&amp;#0;P(Lcom/atguigu/mybatis/pojo/Emp;)Ljava/util/List&lt;Lcom/atguigu/mybatis/pojo/Emp;&gt;;&amp;#1;&amp;#0;&amp;#14;getEmpByChoose&amp;#1;&amp;#0;&amp;#17;deleteMoreByArray&amp;#1;&amp;#0;&amp;#23;([Ljava/lang/Integer;)I&amp;#1;&amp;#0;&quot;RuntimeVisibleParameterAnnotations&amp;#1;&amp;#0;%Lorg/apache/ibatis/annotations/Param;&amp;#1;&amp;#0;&amp;#5;value&amp;#1;&amp;#0;&amp;#4;eids&amp;#1;&amp;#0;&amp;#16;insertMoreByList&amp;#1;&amp;#0;&amp;#19;(Ljava/util/List;)I&amp;#1;&amp;#0;3(Ljava/util/List&lt;Lcom/atguigu/mybatis/pojo/Emp;&gt;;)I&amp;#1;&amp;#0;&amp;#4;emps&amp;#1;&amp;#0;]
[00:46:04.361] [DEBUG] [main] [org.apache.ibatis.io.DefaultVFS] [Find JAR URL: file:/D:/IDEA%20Java%20Coding/MyBatis/MyBatis_demo3/target/classes/com/atguigu/mybatis/mapper/DynamicSQLMapper.xml]
[00:46:04.361] [DEBUG] [main] [org.apache.ibatis.io.DefaultVFS] [Not a JAR: file:/D:/IDEA%20Java%20Coding/MyBatis/MyBatis_demo3/target/classes/com/atguigu/mybatis/mapper/DynamicSQLMapper.xml]
[00:46:04.361] [DEBUG] [main] [org.apache.ibatis.io.DefaultVFS] [Reader entry: &lt;?xml version=&quot;1.0&quot; encoding=&quot;UTF-8&quot; ?&gt;]
[00:46:04.362] [DEBUG] [main] [org.apache.ibatis.io.DefaultVFS] [Find JAR URL: file:/D:/IDEA%20Java%20Coding/MyBatis/MyBatis_demo3/target/classes/com/atguigu/mybatis/mapper/EmpMapper.class]
[00:46:04.362] [DEBUG] [main] [org.apache.ibatis.io.DefaultVFS] [Not a JAR: file:/D:/IDEA%20Java%20Coding/MyBatis/MyBatis_demo3/target/classes/com/atguigu/mybatis/mapper/EmpMapper.class]
[00:46:04.362] [DEBUG] [main] [org.apache.ibatis.io.DefaultVFS] [Reader entry: ����&amp;#0;&amp;#0;&amp;#0;1&amp;#0;&amp;#22;&amp;#7;&amp;#0;&amp;#20;&amp;#7;&amp;#0;&amp;#21;&amp;#1;&amp;#0;	getAllEmp&amp;#1;&amp;#0;&amp;#18;()Ljava/util/List;&amp;#1;&amp;#0;	Signature&amp;#1;&amp;#0;2()Ljava/util/List&lt;Lcom/atguigu/mybatis/pojo/Emp;&gt;;&amp;#1;&amp;#0;]
[00:46:04.362] [DEBUG] [main] [org.apache.ibatis.io.DefaultVFS] [Find JAR URL: file:/D:/IDEA%20Java%20Coding/MyBatis/MyBatis_demo3/target/classes/com/atguigu/mybatis/mapper/EmpMapper.xml]
[00:46:04.362] [DEBUG] [main] [org.apache.ibatis.io.DefaultVFS] [Not a JAR: file:/D:/IDEA%20Java%20Coding/MyBatis/MyBatis_demo3/target/classes/com/atguigu/mybatis/mapper/EmpMapper.xml]
[00:46:04.363] [DEBUG] [main] [org.apache.ibatis.io.DefaultVFS] [Reader entry: &lt;?xml version=&quot;1.0&quot; encoding=&quot;UTF-8&quot; ?&gt;]
[00:46:04.363] [DEBUG] [main] [org.apache.ibatis.io.ResolverUtil] [Checking to see if class com.atguigu.mybatis.mapper.CacheMapper matches criteria [is assignable to Object]]
[00:46:04.363] [DEBUG] [main] [org.apache.ibatis.io.ResolverUtil] [Checking to see if class com.atguigu.mybatis.mapper.DeptMapper matches criteria [is assignable to Object]]
[00:46:04.363] [DEBUG] [main] [org.apache.ibatis.io.ResolverUtil] [Checking to see if class com.atguigu.mybatis.mapper.DynamicSQLMapper matches criteria [is assignable to Object]]
[00:46:04.363] [DEBUG] [main] [org.apache.ibatis.io.ResolverUtil] [Checking to see if class com.atguigu.mybatis.mapper.EmpMapper matches criteria [is assignable to Object]]
[00:46:04.390] [DEBUG] [main] [org.apache.ibatis.transaction.jdbc.JdbcTransaction] [Opening JDBC Connection]
</system-out>
  </testcase>
</testsuite>